<?xml version="1.0" encoding="UTF-8"?>
<testng-results skipped="0" failed="0" ignored="0" total="1" passed="1">
  <reporter-output>
  </reporter-output>
  <suite name="Default suite" duration-ms="24161" started-at="2020-01-15T08:39:13Z" finished-at="2020-01-15T08:39:37Z">
    <groups>
    </groups>
    <test name="Default test" duration-ms="24161" started-at="2020-01-15T08:39:13Z" finished-at="2020-01-15T08:39:37Z">
      <class name="com.crm.TestCases.CrmCompanyTest">
        <test-method status="PASS" signature="beforeMethod()[pri:0, instance:com.crm.TestCases.CrmCompanyTest@224edc67]" name="beforeMethod" is-config="true" duration-ms="16955" started-at="2020-01-15T14:09:13Z" finished-at="2020-01-15T14:09:30Z">
          <reporter-output>
          </reporter-output>
        </test-method> <!-- beforeMethod -->
        <test-method status="PASS" signature="verifyaddnewcompany()[pri:0, instance:com.crm.TestCases.CrmCompanyTest@224edc67]" name="verifyaddnewcompany" duration-ms="5465" started-at="2020-01-15T14:09:30Z" finished-at="2020-01-15T14:09:36Z">
          <reporter-output>
          </reporter-output>
        </test-method> <!-- verifyaddnewcompany -->
        <test-method status="PASS" signature="afterMethod()[pri:0, instance:com.crm.TestCases.CrmCompanyTest@224edc67]" name="afterMethod" is-config="true" duration-ms="1717" started-at="2020-01-15T14:09:36Z" finished-at="2020-01-15T14:09:37Z">
          <reporter-output>
          </reporter-output>
        </test-method> <!-- afterMethod -->
      </class> <!-- com.crm.TestCases.CrmCompanyTest -->
    </test> <!-- Default test -->
  </suite> <!-- Default suite -->
</testng-results>
