<?xml version="1.0" encoding="UTF-8"?>
<testng-results ignored="0" total="4" passed="4" failed="0" skipped="0">
  <reporter-output>
  </reporter-output>
  <suite started-at="2020-05-09T06:39:41Z" name="Default suite" finished-at="2020-05-09T06:40:46Z" duration-ms="64693">
    <groups>
    </groups>
    <test started-at="2020-05-09T06:39:41Z" name="Default test" finished-at="2020-05-09T06:40:46Z" duration-ms="64693">
      <class name="com.crm.TestCases.CrmLoginTest">
        <test-method is-config="true" signature="beforeMethod()[pri:0, instance:com.crm.TestCases.CrmLoginTest@7530ad9c]" started-at="2020-05-09T12:09:41Z" name="beforeMethod" finished-at="2020-05-09T12:09:57Z" duration-ms="16294" status="PASS">
          <reporter-output>
          </reporter-output>
        </test-method> <!-- beforeMethod -->
        <test-method signature="verifylogin()[pri:1, instance:com.crm.TestCases.CrmLoginTest@7530ad9c]" started-at="2020-05-09T12:09:57Z" name="verifylogin" finished-at="2020-05-09T12:10:01Z" duration-ms="3706" status="PASS">
          <reporter-output>
          </reporter-output>
        </test-method> <!-- verifylogin -->
        <test-method is-config="true" signature="afterMethod()[pri:0, instance:com.crm.TestCases.CrmLoginTest@7530ad9c]" started-at="2020-05-09T12:10:01Z" name="afterMethod" finished-at="2020-05-09T12:10:12Z" duration-ms="10449" status="PASS">
          <reporter-output>
          </reporter-output>
        </test-method> <!-- afterMethod -->
        <test-method is-config="true" signature="beforeMethod()[pri:0, instance:com.crm.TestCases.CrmLoginTest@7530ad9c]" started-at="2020-05-09T12:10:12Z" name="beforeMethod" finished-at="2020-05-09T12:10:25Z" duration-ms="13500" status="PASS">
          <reporter-output>
          </reporter-output>
        </test-method> <!-- beforeMethod -->
        <test-method signature="verifyusername()[pri:2, instance:com.crm.TestCases.CrmLoginTest@7530ad9c]" started-at="2020-05-09T12:10:25Z" name="verifyusername" finished-at="2020-05-09T12:10:25Z" duration-ms="306" status="PASS">
          <reporter-output>
          </reporter-output>
        </test-method> <!-- verifyusername -->
        <test-method is-config="true" signature="afterMethod()[pri:0, instance:com.crm.TestCases.CrmLoginTest@7530ad9c]" started-at="2020-05-09T12:10:25Z" name="afterMethod" finished-at="2020-05-09T12:10:27Z" duration-ms="1757" status="PASS">
          <reporter-output>
          </reporter-output>
        </test-method> <!-- afterMethod -->
        <test-method is-config="true" signature="beforeMethod()[pri:0, instance:com.crm.TestCases.CrmLoginTest@7530ad9c]" started-at="2020-05-09T12:10:27Z" name="beforeMethod" finished-at="2020-05-09T12:10:36Z" duration-ms="8563" status="PASS">
          <reporter-output>
          </reporter-output>
        </test-method> <!-- beforeMethod -->
        <test-method signature="verifypassword()[pri:3, instance:com.crm.TestCases.CrmLoginTest@7530ad9c]" started-at="2020-05-09T12:10:36Z" name="verifypassword" finished-at="2020-05-09T12:10:36Z" duration-ms="47" status="PASS">
          <reporter-output>
          </reporter-output>
        </test-method> <!-- verifypassword -->
        <test-method is-config="true" signature="afterMethod()[pri:0, instance:com.crm.TestCases.CrmLoginTest@7530ad9c]" started-at="2020-05-09T12:10:36Z" name="afterMethod" finished-at="2020-05-09T12:10:37Z" duration-ms="1122" status="PASS">
          <reporter-output>
          </reporter-output>
        </test-method> <!-- afterMethod -->
        <test-method is-config="true" signature="beforeMethod()[pri:0, instance:com.crm.TestCases.CrmLoginTest@7530ad9c]" started-at="2020-05-09T12:10:37Z" name="beforeMethod" finished-at="2020-05-09T12:10:45Z" duration-ms="7939" status="PASS">
          <reporter-output>
          </reporter-output>
        </test-method> <!-- beforeMethod -->
        <test-method signature="verifyforgotpassword()[pri:4, instance:com.crm.TestCases.CrmLoginTest@7530ad9c]" started-at="2020-05-09T12:10:45Z" name="verifyforgotpassword" finished-at="2020-05-09T12:10:45Z" duration-ms="34" status="PASS">
          <reporter-output>
          </reporter-output>
        </test-method> <!-- verifyforgotpassword -->
        <test-method is-config="true" signature="afterMethod()[pri:0, instance:com.crm.TestCases.CrmLoginTest@7530ad9c]" started-at="2020-05-09T12:10:45Z" name="afterMethod" finished-at="2020-05-09T12:10:46Z" duration-ms="900" status="PASS">
          <reporter-output>
          </reporter-output>
        </test-method> <!-- afterMethod -->
      </class> <!-- com.crm.TestCases.CrmLoginTest -->
    </test> <!-- Default test -->
  </suite> <!-- Default suite -->
</testng-results>
