<?xml version="1.0" encoding="UTF-8"?>
<!-- Generated by org.testng.reporters.JUnitXMLReporter -->
<testsuite hostname="Chetuiwk1258" ignored="0" name="CrmTestCases" tests="10" failures="0" timestamp="16 Jan 2020 14:10:54 GMT" time="176.631" errors="0">
  <testcase name="verifyaddnewcompany" time="4.928" classname="com.crm.TestCases.CrmCompanyTest"/>
  <testcase name="verifylogin" time="1.5" classname="com.crm.TestCases.CrmLoginTest"/>
  <testcase name="verifycontactpagenavigation" time="1.949" classname="com.crm.TestCases.CrmDashboardTest"/>
  <testcase name="verifyusername" time="0.104" classname="com.crm.TestCases.CrmLoginTest"/>
  <testcase name="verifycompanypagenavigation" time="2.257" classname="com.crm.TestCases.CrmDashboardTest"/>
  <testcase name="verifypassword" time="0.047" classname="com.crm.TestCases.CrmLoginTest"/>
  <testcase name="verifydealspagenavigation" time="1.789" classname="com.crm.TestCases.CrmDashboardTest"/>
  <testcase name="verifyforgotpassword" time="0.033" classname="com.crm.TestCases.CrmLoginTest"/>
  <testcase name="verifytaskspagenavigation" time="1.789" classname="com.crm.TestCases.CrmDashboardTest"/>
  <testcase name="verifycasespagenavigation" time="1.787" classname="com.crm.TestCases.CrmDashboardTest"/>
</testsuite> <!-- CrmTestCases -->
