<?xml version="1.0" encoding="UTF-8"?>
<testng-results ignored="0" total="2" passed="2" failed="0" skipped="0">
  <reporter-output>
  </reporter-output>
  <suite started-at="2020-04-13T05:29:21Z" name="Default suite" finished-at="2020-04-13T05:29:44Z" duration-ms="23441">
    <groups>
    </groups>
    <test started-at="2020-04-13T05:29:21Z" name="Default test" finished-at="2020-04-13T05:29:44Z" duration-ms="23441">
      <class name="com.api.testcases.CoronoApiTest">
        <test-method signature="getCoronoCasesIndia()[pri:0, instance:com.api.testcases.CoronoApiTest@279fedbd]" started-at="2020-04-13T10:59:21Z" name="getCoronoCasesIndia" finished-at="2020-04-13T10:59:37Z" duration-ms="15641" status="PASS">
          <reporter-output>
          </reporter-output>
        </test-method> <!-- getCoronoCasesIndia -->
        <test-method signature="getCoronoCasesUSA()[pri:1, instance:com.api.testcases.CoronoApiTest@279fedbd]" started-at="2020-04-13T10:59:37Z" name="getCoronoCasesUSA" finished-at="2020-04-13T10:59:44Z" duration-ms="7765" status="PASS">
          <reporter-output>
          </reporter-output>
        </test-method> <!-- getCoronoCasesUSA -->
      </class> <!-- com.api.testcases.CoronoApiTest -->
    </test> <!-- Default test -->
  </suite> <!-- Default suite -->
</testng-results>
