<?xml version="1.0" encoding="UTF-8"?>
<!-- Generated by org.testng.reporters.JUnitXMLReporter -->
<testsuite ignored="0" hostname="puneet" failures="0" tests="4" name="Default test" time="64.693" errors="0" timestamp="09 May 2020 06:40:46 GMT">
  <testcase classname="com.crm.TestCases.CrmLoginTest" name="verifylogin" time="3.706"/>
  <testcase classname="com.crm.TestCases.CrmLoginTest" name="verifyusername" time="0.306"/>
  <testcase classname="com.crm.TestCases.CrmLoginTest" name="verifypassword" time="0.047"/>
  <testcase classname="com.crm.TestCases.CrmLoginTest" name="verifyforgotpassword" time="0.034"/>
</testsuite> <!-- Default test -->
